<?xml version="1.0" encoding="UTF-8"?>
<!-- Generated by org.testng.reporters.JUnitReportReporter -->
<testsuite hostname="Chiku" failures="0" tests="1" name="com.testcases.PostCreateEmpHashMap" time="1.039" errors="0" timestamp="2022-05-31T14:23:27 EDT" skipped="0">
  <testcase classname="com.testcases.PostCreateEmpHashMap" name="postCreateEmpMap" time="1.039"/>
  <system-out/>
</testsuite> <!-- com.testcases.PostCreateEmpHashMap -->
