<?xml version="1.0" encoding="UTF-8"?>
<!-- Generated by org.testng.reporters.JUnitReportReporter -->
<testsuite hostname="Chiku" failures="0" tests="1" name="com.testcases.PostCreateUser" time="0.994" errors="0" timestamp="2022-05-31T02:02:14 EDT" skipped="0">
  <testcase classname="com.testcases.PostCreateUser" name="postCreateUser" time="0.994"/>
  <system-out/>
</testsuite> <!-- com.testcases.PostCreateUser -->
